{"numFailedTestSuites":2,"numFailedTests":2,"numPassedTestSuites":1,"numPassedTests":7,"numPendingTestSuites":0,"numPendingTests":0,"numRuntimeErrorTestSuites":0,"numTodoTests":0,"numTotalTestSuites":3,"numTotalTests":9,"openHandles":[],"snapshot":{"added":0,"didUpdate":false,"failure":false,"filesAdded":0,"filesRemoved":0,"filesRemovedList":[],"filesUnmatched":0,"filesUpdated":0,"matched":0,"total":0,"unchecked":0,"uncheckedKeysByFile":[],"unmatched":0,"updated":0},"startTime":1769590998604,"success":false,"testResults":[{"assertionResults":[{"ancestorTitles":["GitLab API Logic"],"duration":83,"failing":false,"failureDetails":[{"matcherResult":{"actual":500,"expected":150,"message":"\u001b[2mexpect(\u001b[22m\u001b[31mreceived\u001b[39m\u001b[2m).\u001b[22mtoBe\u001b[2m(\u001b[22m\u001b[32mexpected\u001b[39m\u001b[2m) // Object.is equality\u001b[22m\n\nExpected: \u001b[32m150\u001b[39m\nReceived: \u001b[31m500\u001b[39m","name":"toBe","pass":false}}],"failureMessages":["Error: \u001b[2mexpect(\u001b[22m\u001b[31mreceived\u001b[39m\u001b[2m).\u001b[22mtoBe\u001b[2m(\u001b[22m\u001b[32mexpected\u001b[39m\u001b[2m) // Object.is equality\u001b[22m\n\nExpected: \u001b[32m150\u001b[39m\nReceived: \u001b[31m500\u001b[39m\n    at Object.toBe (C:\\Develop\\PIPA-GitLab-Changes\\gitlab-analystic\\__tests__\\lib\\gitlab.test.ts:58:32)\n    at processTicksAndRejections (node:internal/process/task_queues:103:5)"],"fullName":"GitLab API Logic GitLab API Pagination","invocations":1,"location":null,"numPassingAsserts":0,"retryReasons":[],"startAt":1769591005590,"status":"failed","title":"GitLab API Pagination"},{"ancestorTitles":["GitLab API Logic"],"duration":14,"failing":false,"failureDetails":[],"failureMessages":[],"fullName":"GitLab API Logic GitLab API Error Handling","invocations":1,"location":null,"numPassingAsserts":1,"retryReasons":[],"startAt":1769591005688,"status":"passed","title":"GitLab API Error Handling"}],"endTime":1769591005760,"message":"\u001b[1m\u001b[31m  \u001b[1m● \u001b[22m\u001b[1mGitLab API Logic › GitLab API Pagination\u001b[39m\u001b[22m\n\n    \u001b[2mexpect(\u001b[22m\u001b[31mreceived\u001b[39m\u001b[2m).\u001b[22mtoBe\u001b[2m(\u001b[22m\u001b[32mexpected\u001b[39m\u001b[2m) // Object.is equality\u001b[22m\n\n    Expected: \u001b[32m150\u001b[39m\n    Received: \u001b[31m500\u001b[39m\n\u001b[2m\u001b[22m\n\u001b[2m    \u001b[0m \u001b[90m 56 |\u001b[39m\u001b[22m\n\u001b[2m     \u001b[90m 57 |\u001b[39m         \u001b[36mconst\u001b[39m commits \u001b[33m=\u001b[39m \u001b[36mawait\u001b[39m getCommits()\u001b[33m;\u001b[39m\u001b[22m\n\u001b[2m    \u001b[31m\u001b[1m>\u001b[22m\u001b[2m\u001b[39m\u001b[90m 58 |\u001b[39m         expect(commits\u001b[33m.\u001b[39mlength)\u001b[33m.\u001b[39mtoBe(\u001b[35m150\u001b[39m)\u001b[33m;\u001b[39m\u001b[22m\n\u001b[2m     \u001b[90m    |\u001b[39m                                \u001b[31m\u001b[1m^\u001b[22m\u001b[2m\u001b[39m\u001b[22m\n\u001b[2m     \u001b[90m 59 |\u001b[39m     })\u001b[33m;\u001b[39m\u001b[22m\n\u001b[2m     \u001b[90m 60 |\u001b[39m\u001b[22m\n\u001b[2m     \u001b[90m 61 |\u001b[39m     \u001b[90m// --- GitLab API Error Handling ---\u001b[39m\u001b[0m\u001b[22m\n\u001b[2m\u001b[22m\n\u001b[2m      \u001b[2mat Object.toBe (\u001b[22m\u001b[2m\u001b[0m\u001b[36m__tests__/lib/gitlab.test.ts\u001b[39m\u001b[0m\u001b[2m:58:32)\u001b[22m\u001b[2m\u001b[22m\n","name":"C:\\Develop\\PIPA-GitLab-Changes\\gitlab-analystic\\__tests__\\lib\\gitlab.test.ts","startTime":1769591003744,"status":"failed","summary":""},{"assertionResults":[{"ancestorTitles":["Data Processing Logic"],"duration":25,"failing":false,"failureDetails":[],"failureMessages":[],"fullName":"Data Processing Logic Chart Data Aggregation (Commits)","invocations":1,"location":null,"numPassingAsserts":2,"retryReasons":[],"startAt":1769591006269,"status":"passed","title":"Chart Data Aggregation (Commits)"},{"ancestorTitles":["Data Processing Logic"],"duration":2,"failing":false,"failureDetails":[],"failureMessages":[],"fullName":"Data Processing Logic Chart Data Aggregation (Additions)","invocations":1,"location":null,"numPassingAsserts":1,"retryReasons":[],"startAt":1769591006296,"status":"passed","title":"Chart Data Aggregation (Additions)"},{"ancestorTitles":["Data Processing Logic"],"duration":4,"failing":false,"failureDetails":[],"failureMessages":[],"fullName":"Data Processing Logic Chart Data Gap Filling","invocations":1,"location":null,"numPassingAsserts":2,"retryReasons":[],"startAt":1769591006298,"status":"passed","title":"Chart Data Gap Filling"},{"ancestorTitles":["Data Processing Logic"],"duration":22,"failing":false,"failureDetails":[],"failureMessages":[],"fullName":"Data Processing Logic User Statistics Aggregation","invocations":1,"location":null,"numPassingAsserts":4,"retryReasons":[],"startAt":1769591006302,"status":"passed","title":"User Statistics Aggregation"},{"ancestorTitles":["Data Processing Logic"],"duration":2,"failing":false,"failureDetails":[],"failureMessages":[],"fullName":"Data Processing Logic User Statistics Unknown User","invocations":1,"location":null,"numPassingAsserts":2,"retryReasons":[],"startAt":1769591006324,"status":"passed","title":"User Statistics Unknown User"}],"endTime":1769591006331,"message":"","name":"C:\\Develop\\PIPA-GitLab-Changes\\gitlab-analystic\\__tests__\\lib\\data-processing.test.ts","startTime":1769591003789,"status":"passed","summary":""},{"assertionResults":[{"ancestorTitles":["Home Page Logic"],"duration":105,"failing":false,"failureDetails":[{"matcherResult":{"message":"\u001b[2mexpect(\u001b[22m\u001b[31mreceived\u001b[39m\u001b[2m).\u001b[22mtoBeDefined\u001b[2m()\u001b[22m\n\nReceived: \u001b[31mundefined\u001b[39m","pass":false}}],"failureMessages":["Error: \u001b[2mexpect(\u001b[22m\u001b[31mreceived\u001b[39m\u001b[2m).\u001b[22mtoBeDefined\u001b[2m()\u001b[22m\n\nReceived: \u001b[31mundefined\u001b[39m\n    at Object.toBeDefined (C:\\Develop\\PIPA-GitLab-Changes\\gitlab-analystic\\__tests__\\app\\page.test.tsx:47:27)\n    at processTicksAndRejections (node:internal/process/task_queues:103:5)"],"fullName":"Home Page Logic Calculates default period (last_month) when no params provided","invocations":1,"location":null,"numPassingAsserts":1,"retryReasons":[],"startAt":1769591006925,"status":"failed","title":"Calculates default period (last_month) when no params provided"},{"ancestorTitles":["Home Page Logic"],"duration":21,"failing":false,"failureDetails":[],"failureMessages":[],"fullName":"Home Page Logic Calculates correct period for 'last_month'","invocations":1,"location":null,"numPassingAsserts":2,"retryReasons":[],"startAt":1769591007043,"status":"passed","title":"Calculates correct period for 'last_month'"}],"endTime":1769591007114,"message":"\u001b[1m\u001b[31m  \u001b[1m● \u001b[22m\u001b[1mHome Page Logic › Calculates default period (last_month) when no params provided\u001b[39m\u001b[22m\n\n    \u001b[2mexpect(\u001b[22m\u001b[31mreceived\u001b[39m\u001b[2m).\u001b[22mtoBeDefined\u001b[2m()\u001b[22m\n\n    Received: \u001b[31mundefined\u001b[39m\n\u001b[2m\u001b[22m\n\u001b[2m    \u001b[0m \u001b[90m 45 |\u001b[39m         expect(gitlab\u001b[33m.\u001b[39mgetCommits)\u001b[33m.\u001b[39mtoHaveBeenCalled()\u001b[33m;\u001b[39m\u001b[22m\n\u001b[2m     \u001b[90m 46 |\u001b[39m         \u001b[36mconst\u001b[39m calledArg \u001b[33m=\u001b[39m (gitlab\u001b[33m.\u001b[39mgetCommits \u001b[36mas\u001b[39m jest\u001b[33m.\u001b[39m\u001b[33mMock\u001b[39m)\u001b[33m.\u001b[39mmock\u001b[33m.\u001b[39mcalls[\u001b[35m0\u001b[39m][\u001b[35m0\u001b[39m]\u001b[33m;\u001b[39m\u001b[22m\n\u001b[2m    \u001b[31m\u001b[1m>\u001b[22m\u001b[2m\u001b[39m\u001b[90m 47 |\u001b[39m         expect(calledArg)\u001b[33m.\u001b[39mtoBeDefined()\u001b[33m;\u001b[39m\u001b[22m\n\u001b[2m     \u001b[90m    |\u001b[39m                           \u001b[31m\u001b[1m^\u001b[22m\u001b[2m\u001b[39m\u001b[22m\n\u001b[2m     \u001b[90m 48 |\u001b[39m         \u001b[90m// Check if it starts with the correct date part\u001b[39m\u001b[22m\n\u001b[2m     \u001b[90m 49 |\u001b[39m         expect(calledArg)\u001b[33m.\u001b[39mtoContain(\u001b[32m\"2024-01-01\"\u001b[39m)\u001b[33m;\u001b[39m\u001b[22m\n\u001b[2m     \u001b[90m 50 |\u001b[39m     })\u001b[33m;\u001b[39m\u001b[0m\u001b[22m\n\u001b[2m\u001b[22m\n\u001b[2m      \u001b[2mat Object.toBeDefined (\u001b[22m\u001b[2m\u001b[0m\u001b[36m__tests__/app/page.test.tsx\u001b[39m\u001b[0m\u001b[2m:47:27)\u001b[22m\u001b[2m\u001b[22m\n","name":"C:\\Develop\\PIPA-GitLab-Changes\\gitlab-analystic\\__tests__\\app\\page.test.tsx","startTime":1769591003810,"status":"failed","summary":""}],"wasInterrupted":false}
